<?xml version="1.0" encoding="UTF-8"?>
<testng-results ignored="0" total="1" passed="1" failed="0" skipped="0">
  <reporter-output>
  </reporter-output>
  <suite started-at="2024-02-08T17:28:15 IST" name="Surefire suite" finished-at="2024-02-08T17:29:02 IST" duration-ms="46641">
    <groups>
    </groups>
    <test started-at="2024-02-08T17:28:15 IST" name="Surefire test" finished-at="2024-02-08T17:29:02 IST" duration-ms="46641">
      <class name="gitPractise.LaunchBrowserTest">
        <test-method signature="launchBrowser()[pri:0, instance:gitPractise.LaunchBrowserTest@10db82ae]" started-at="2024-02-08T17:28:15 IST" name="launchBrowser" finished-at="2024-02-08T17:29:02 IST" duration-ms="46527" status="PASS">
          <reporter-output>
          </reporter-output>
        </test-method> <!-- launchBrowser -->
      </class> <!-- gitPractise.LaunchBrowserTest -->
    </test> <!-- Surefire test -->
  </suite> <!-- Surefire suite -->
</testng-results>
